[7.495s] DEBUG:colcon:Command line arguments: ['/usr/bin/colcon', 'build']
[7.495s] DEBUG:colcon:Parsed command line arguments: Namespace(log_base=None, log_level=None, verb_name='build', build_base='build', install_base='install', merge_install=False, symlink_install=False, test_result_base=None, continue_on_error=False, executor='parallel', parallel_workers=4, event_handlers=None, ignore_user_meta=False, metas=['./colcon.meta'], base_paths=['.'], packages_ignore=None, packages_ignore_regex=None, paths=None, packages_up_to=None, packages_up_to_regex=None, packages_above=None, packages_above_and_dependencies=None, packages_above_depth=None, packages_select_by_dep=None, packages_skip_by_dep=None, packages_skip_up_to=None, packages_select_build_failed=False, packages_skip_build_finished=False, packages_select_test_failures=False, packages_skip_test_passed=False, packages_select=None, packages_skip=None, packages_select_regex=None, packages_skip_regex=None, packages_start=None, packages_end=None, allow_overriding=[], cmake_args=None, cmake_target=None, cmake_target_skip_unavailable=False, cmake_clean_cache=False, cmake_clean_first=False, cmake_force_configure=False, ament_cmake_args=None, catkin_cmake_args=None, catkin_skip_building_tests=False, mixin_files=None, mixin=None, verb_parser=<colcon_mixin.mixin.mixin_argument.MixinArgumentDecorator object at 0x7dcd643325f0>, verb_extension=<colcon_core.verb.build.BuildVerb object at 0x7dcd64477580>, main=<bound method BuildVerb.main of <colcon_core.verb.build.BuildVerb object at 0x7dcd64477580>>, mixin_verb=('build',))
[16.247s] Level 1:colcon.colcon_core.package_discovery:discover_packages(colcon_meta) check parameters
[16.247s] Level 1:colcon.colcon_core.package_discovery:discover_packages(recursive) check parameters
[16.247s] Level 1:colcon.colcon_core.package_discovery:discover_packages(ignore) check parameters
[16.247s] Level 1:colcon.colcon_core.package_discovery:discover_packages(path) check parameters
[16.247s] Level 1:colcon.colcon_core.package_discovery:discover_packages(colcon_meta) discover
[16.248s] Level 1:colcon.colcon_core.package_discovery:discover_packages(recursive) discover
[16.248s] INFO:colcon.colcon_core.package_discovery:Crawling recursively for packages in '/home/sadiq/auto_ws'
[16.248s] Level 1:colcon.colcon_core.package_identification:_identify(.) by extensions ['ignore', 'ignore_ament_install']
[16.249s] Level 1:colcon.colcon_core.package_identification:_identify(.) by extension 'ignore'
[16.249s] Level 1:colcon.colcon_core.package_identification:_identify(.) by extension 'ignore_ament_install'
[16.249s] Level 1:colcon.colcon_core.package_identification:_identify(.) by extensions ['colcon_pkg']
[16.250s] Level 1:colcon.colcon_core.package_identification:_identify(.) by extension 'colcon_pkg'
[16.250s] Level 1:colcon.colcon_core.package_identification:_identify(.) by extensions ['colcon_meta']
[16.250s] Level 1:colcon.colcon_core.package_identification:_identify(.) by extension 'colcon_meta'
[16.250s] Level 1:colcon.colcon_core.package_identification:_identify(.) by extensions ['ros']
[16.250s] Level 1:colcon.colcon_core.package_identification:_identify(.) by extension 'ros'
[16.679s] Level 1:colcon.colcon_core.package_identification:_identify(.) by extensions ['cmake', 'python']
[16.680s] Level 1:colcon.colcon_core.package_identification:_identify(.) by extension 'cmake'
[16.680s] Level 1:colcon.colcon_core.package_identification:_identify(.) by extension 'python'
[16.680s] Level 1:colcon.colcon_core.package_identification:_identify(.) by extensions ['python_setup_py']
[16.681s] Level 1:colcon.colcon_core.package_identification:_identify(.) by extension 'python_setup_py'
[16.681s] Level 1:colcon.colcon_core.package_identification:_identify(build) by extensions ['ignore', 'ignore_ament_install']
[16.682s] Level 1:colcon.colcon_core.package_identification:_identify(build) by extension 'ignore'
[16.682s] Level 1:colcon.colcon_core.package_identification:_identify(build) ignored
[16.683s] Level 1:colcon.colcon_core.package_identification:_identify(install) by extensions ['ignore', 'ignore_ament_install']
[16.683s] Level 1:colcon.colcon_core.package_identification:_identify(install) by extension 'ignore'
[16.683s] Level 1:colcon.colcon_core.package_identification:_identify(install) ignored
[16.684s] Level 1:colcon.colcon_core.package_identification:_identify(log) by extensions ['ignore', 'ignore_ament_install']
[16.684s] Level 1:colcon.colcon_core.package_identification:_identify(log) by extension 'ignore'
[16.685s] Level 1:colcon.colcon_core.package_identification:_identify(log) ignored
[16.685s] Level 1:colcon.colcon_core.package_identification:_identify(src) by extensions ['ignore', 'ignore_ament_install']
[16.685s] Level 1:colcon.colcon_core.package_identification:_identify(src) by extension 'ignore'
[16.686s] Level 1:colcon.colcon_core.package_identification:_identify(src) by extension 'ignore_ament_install'
[16.686s] Level 1:colcon.colcon_core.package_identification:_identify(src) by extensions ['colcon_pkg']
[16.686s] Level 1:colcon.colcon_core.package_identification:_identify(src) by extension 'colcon_pkg'
[16.686s] Level 1:colcon.colcon_core.package_identification:_identify(src) by extensions ['colcon_meta']
[16.687s] Level 1:colcon.colcon_core.package_identification:_identify(src) by extension 'colcon_meta'
[16.687s] Level 1:colcon.colcon_core.package_identification:_identify(src) by extensions ['ros']
[16.687s] Level 1:colcon.colcon_core.package_identification:_identify(src) by extension 'ros'
[16.688s] Level 1:colcon.colcon_core.package_identification:_identify(src) by extensions ['cmake', 'python']
[16.688s] Level 1:colcon.colcon_core.package_identification:_identify(src) by extension 'cmake'
[16.688s] Level 1:colcon.colcon_core.package_identification:_identify(src) by extension 'python'
[16.688s] Level 1:colcon.colcon_core.package_identification:_identify(src) by extensions ['python_setup_py']
[16.689s] Level 1:colcon.colcon_core.package_identification:_identify(src) by extension 'python_setup_py'
[16.689s] Level 1:colcon.colcon_core.package_identification:_identify(src/shell_simulation) by extensions ['ignore', 'ignore_ament_install']
[16.690s] Level 1:colcon.colcon_core.package_identification:_identify(src/shell_simulation) by extension 'ignore'
[16.690s] Level 1:colcon.colcon_core.package_identification:_identify(src/shell_simulation) by extension 'ignore_ament_install'
[16.690s] Level 1:colcon.colcon_core.package_identification:_identify(src/shell_simulation) by extensions ['colcon_pkg']
[16.690s] Level 1:colcon.colcon_core.package_identification:_identify(src/shell_simulation) by extension 'colcon_pkg'
[16.691s] Level 1:colcon.colcon_core.package_identification:_identify(src/shell_simulation) by extensions ['colcon_meta']
[16.691s] Level 1:colcon.colcon_core.package_identification:_identify(src/shell_simulation) by extension 'colcon_meta'
[16.691s] Level 1:colcon.colcon_core.package_identification:_identify(src/shell_simulation) by extensions ['ros']
[16.691s] Level 1:colcon.colcon_core.package_identification:_identify(src/shell_simulation) by extension 'ros'
[16.741s] DEBUG:colcon.colcon_core.package_identification:Package 'src/shell_simulation' with type 'ros.ament_python' and name 'shell_simulation'
[16.741s] Level 1:colcon.colcon_core.package_discovery:discover_packages(recursive) using defaults
[16.742s] Level 1:colcon.colcon_core.package_discovery:discover_packages(ignore) discover
[16.742s] Level 1:colcon.colcon_core.package_discovery:discover_packages(ignore) using defaults
[16.742s] Level 1:colcon.colcon_core.package_discovery:discover_packages(path) discover
[16.742s] Level 1:colcon.colcon_core.package_discovery:discover_packages(path) using defaults
[17.703s] Level 1:colcon.colcon_core.package_discovery:discover_packages(prefix_path) check parameters
[17.703s] Level 1:colcon.colcon_core.package_discovery:discover_packages(prefix_path) discover
[17.784s] DEBUG:colcon.colcon_installed_package_information.package_discovery:Found 1 installed packages in /home/sadiq/auto_ws/install
[17.805s] DEBUG:colcon.colcon_installed_package_information.package_discovery:Found 1 installed packages in /home/sadiq/test_ws/install
[17.823s] DEBUG:colcon.colcon_installed_package_information.package_discovery:Found 2 installed packages in /home/sadiq/ros2_ws/install
[17.856s] DEBUG:colcon.colcon_installed_package_information.package_discovery:Found 272 installed packages in /opt/ros/humble
[17.866s] Level 1:colcon.colcon_core.package_discovery:discover_packages(prefix_path) using defaults
[21.479s] Level 5:colcon.colcon_core.verb:set package 'shell_simulation' build argument 'cmake_args' from command line to 'None'
[21.480s] Level 5:colcon.colcon_core.verb:set package 'shell_simulation' build argument 'cmake_target' from command line to 'None'
[21.480s] Level 5:colcon.colcon_core.verb:set package 'shell_simulation' build argument 'cmake_target_skip_unavailable' from command line to 'False'
[21.480s] Level 5:colcon.colcon_core.verb:set package 'shell_simulation' build argument 'cmake_clean_cache' from command line to 'False'
[21.480s] Level 5:colcon.colcon_core.verb:set package 'shell_simulation' build argument 'cmake_clean_first' from command line to 'False'
[21.480s] Level 5:colcon.colcon_core.verb:set package 'shell_simulation' build argument 'cmake_force_configure' from command line to 'False'
[21.480s] Level 5:colcon.colcon_core.verb:set package 'shell_simulation' build argument 'ament_cmake_args' from command line to 'None'
[21.480s] Level 5:colcon.colcon_core.verb:set package 'shell_simulation' build argument 'catkin_cmake_args' from command line to 'None'
[21.481s] Level 5:colcon.colcon_core.verb:set package 'shell_simulation' build argument 'catkin_skip_building_tests' from command line to 'False'
[21.481s] DEBUG:colcon.colcon_core.verb:Building package 'shell_simulation' with the following arguments: {'ament_cmake_args': None, 'build_base': '/home/sadiq/auto_ws/build/shell_simulation', 'catkin_cmake_args': None, 'catkin_skip_building_tests': False, 'cmake_args': None, 'cmake_clean_cache': False, 'cmake_clean_first': False, 'cmake_force_configure': False, 'cmake_target': None, 'cmake_target_skip_unavailable': False, 'install_base': '/home/sadiq/auto_ws/install/shell_simulation', 'merge_install': False, 'path': '/home/sadiq/auto_ws/src/shell_simulation', 'symlink_install': False, 'test_result_base': None}
[21.481s] INFO:colcon.colcon_core.executor:Executing jobs using 'parallel' executor
[21.484s] DEBUG:colcon.colcon_parallel_executor.executor.parallel:run_until_complete
[21.485s] INFO:colcon.colcon_ros.task.ament_python.build:Building ROS package in '/home/sadiq/auto_ws/src/shell_simulation' with build type 'ament_python'
[21.486s] Level 1:colcon.colcon_core.shell:create_environment_hook('shell_simulation', 'ament_prefix_path')
[21.591s] INFO:colcon.colcon_core.plugin_system:Skipping extension 'colcon_core.shell.bat': Not used on non-Windows systems
[21.592s] INFO:colcon.colcon_core.shell:Creating environment hook '/home/sadiq/auto_ws/install/shell_simulation/share/shell_simulation/hook/ament_prefix_path.ps1'
[21.600s] INFO:colcon.colcon_core.shell:Creating environment descriptor '/home/sadiq/auto_ws/install/shell_simulation/share/shell_simulation/hook/ament_prefix_path.dsv'
[21.635s] INFO:colcon.colcon_core.shell:Creating environment hook '/home/sadiq/auto_ws/install/shell_simulation/share/shell_simulation/hook/ament_prefix_path.sh'
[21.639s] INFO:colcon.colcon_core.shell:Skip shell extension 'powershell' for command environment: Not usable outside of PowerShell
[21.639s] DEBUG:colcon.colcon_core.shell:Skip shell extension 'dsv' for command environment
[22.902s] INFO:colcon.colcon_core.task.python.build:Building Python package in '/home/sadiq/auto_ws/src/shell_simulation'
[22.903s] INFO:colcon.colcon_core.shell:Skip shell extension 'powershell' for command environment: Not usable outside of PowerShell
[22.904s] DEBUG:colcon.colcon_core.shell:Skip shell extension 'dsv' for command environment
[24.868s] DEBUG:colcon.colcon_core.event_handler.log_command:Invoking command in '/home/sadiq/auto_ws/src/shell_simulation': PYTHONPATH=/home/sadiq/auto_ws/build/shell_simulation/prefix_override:/usr/lib/python3/dist-packages/colcon_core/task/python/colcon_distutils_commands:/home/sadiq/auto_ws/install/shell_simulation/lib/python3.10/site-packages:${PYTHONPATH} /usr/bin/python3 -W ignore:setup.py install is deprecated -W ignore:easy_install command is deprecated setup.py egg_info --egg-base ../../build/shell_simulation build --build-base /home/sadiq/auto_ws/build/shell_simulation/build install --record /home/sadiq/auto_ws/build/shell_simulation/install.log --single-version-externally-managed install_data
[25.836s] DEBUG:colcon.colcon_core.event_handler.log_command:Invoked command in '/home/sadiq/auto_ws/src/shell_simulation' returned '0': PYTHONPATH=/home/sadiq/auto_ws/build/shell_simulation/prefix_override:/usr/lib/python3/dist-packages/colcon_core/task/python/colcon_distutils_commands:/home/sadiq/auto_ws/install/shell_simulation/lib/python3.10/site-packages:${PYTHONPATH} /usr/bin/python3 -W ignore:setup.py install is deprecated -W ignore:easy_install command is deprecated setup.py egg_info --egg-base ../../build/shell_simulation build --build-base /home/sadiq/auto_ws/build/shell_simulation/build install --record /home/sadiq/auto_ws/build/shell_simulation/install.log --single-version-externally-managed install_data
[25.935s] Level 1:colcon.colcon_core.environment:checking '/home/sadiq/auto_ws/install/shell_simulation' for CMake module files
[25.938s] Level 1:colcon.colcon_core.environment:checking '/home/sadiq/auto_ws/install/shell_simulation' for CMake config files
[25.944s] Level 1:colcon.colcon_core.environment:checking '/home/sadiq/auto_ws/install/shell_simulation/lib'
[25.945s] Level 1:colcon.colcon_core.environment:checking '/home/sadiq/auto_ws/install/shell_simulation/bin'
[25.946s] Level 1:colcon.colcon_core.environment:checking '/home/sadiq/auto_ws/install/shell_simulation/lib/pkgconfig/shell_simulation.pc'
[25.948s] Level 1:colcon.colcon_core.environment:checking '/home/sadiq/auto_ws/install/shell_simulation/lib/python3.10/site-packages'
[25.948s] Level 1:colcon.colcon_core.shell:create_environment_hook('shell_simulation', 'pythonpath')
[25.950s] INFO:colcon.colcon_core.shell:Creating environment hook '/home/sadiq/auto_ws/install/shell_simulation/share/shell_simulation/hook/pythonpath.ps1'
[25.955s] INFO:colcon.colcon_core.shell:Creating environment descriptor '/home/sadiq/auto_ws/install/shell_simulation/share/shell_simulation/hook/pythonpath.dsv'
[25.958s] INFO:colcon.colcon_core.shell:Creating environment hook '/home/sadiq/auto_ws/install/shell_simulation/share/shell_simulation/hook/pythonpath.sh'
[25.962s] Level 1:colcon.colcon_core.environment:checking '/home/sadiq/auto_ws/install/shell_simulation/bin'
[25.962s] Level 1:colcon.colcon_core.environment:create_environment_scripts_only(shell_simulation)
[25.964s] INFO:colcon.colcon_core.shell:Creating package script '/home/sadiq/auto_ws/install/shell_simulation/share/shell_simulation/package.ps1'
[25.979s] INFO:colcon.colcon_core.shell:Creating package descriptor '/home/sadiq/auto_ws/install/shell_simulation/share/shell_simulation/package.dsv'
[26.004s] INFO:colcon.colcon_core.shell:Creating package script '/home/sadiq/auto_ws/install/shell_simulation/share/shell_simulation/package.sh'
[26.064s] INFO:colcon.colcon_core.shell:Creating package script '/home/sadiq/auto_ws/install/shell_simulation/share/shell_simulation/package.bash'
[26.094s] INFO:colcon.colcon_core.shell:Creating package script '/home/sadiq/auto_ws/install/shell_simulation/share/shell_simulation/package.zsh'
[26.126s] Level 1:colcon.colcon_core.environment:create_file_with_runtime_dependencies(/home/sadiq/auto_ws/install/shell_simulation/share/colcon-core/packages/shell_simulation)
[26.127s] DEBUG:colcon.colcon_parallel_executor.executor.parallel:closing loop
[26.132s] DEBUG:colcon.colcon_parallel_executor.executor.parallel:loop closed
[26.132s] DEBUG:colcon.colcon_parallel_executor.executor.parallel:run_until_complete finished with '0'
[26.132s] DEBUG:colcon.colcon_core.event_reactor:joining thread
[26.298s] INFO:colcon.colcon_core.plugin_system:Skipping extension 'colcon_notification.desktop_notification.notify_send': Could not find 'notify-send'
[26.299s] INFO:colcon.colcon_core.plugin_system:Skipping extension 'colcon_notification.desktop_notification.terminal_notifier': Not used on non-Darwin systems
[26.299s] INFO:colcon.colcon_core.plugin_system:Skipping extension 'colcon_notification.desktop_notification.win32': Not used on non-Windows systems
[26.300s] INFO:colcon.colcon_notification.desktop_notification:Sending desktop notification using 'notify2'
[26.362s] DEBUG:colcon.colcon_core.event_reactor:joined thread
[26.364s] INFO:colcon.colcon_core.shell:Creating prefix script '/home/sadiq/auto_ws/install/local_setup.ps1'
[26.391s] INFO:colcon.colcon_core.shell:Creating prefix util module '/home/sadiq/auto_ws/install/_local_setup_util_ps1.py'
[26.432s] INFO:colcon.colcon_core.shell:Creating prefix chain script '/home/sadiq/auto_ws/install/setup.ps1'
[26.439s] INFO:colcon.colcon_core.shell:Creating prefix script '/home/sadiq/auto_ws/install/local_setup.sh'
[26.442s] INFO:colcon.colcon_core.shell:Creating prefix util module '/home/sadiq/auto_ws/install/_local_setup_util_sh.py'
[26.445s] INFO:colcon.colcon_core.shell:Creating prefix chain script '/home/sadiq/auto_ws/install/setup.sh'
[26.451s] INFO:colcon.colcon_core.shell:Creating prefix script '/home/sadiq/auto_ws/install/local_setup.bash'
[26.471s] INFO:colcon.colcon_core.shell:Creating prefix chain script '/home/sadiq/auto_ws/install/setup.bash'
[26.477s] INFO:colcon.colcon_core.shell:Creating prefix script '/home/sadiq/auto_ws/install/local_setup.zsh'
[26.489s] INFO:colcon.colcon_core.shell:Creating prefix chain script '/home/sadiq/auto_ws/install/setup.zsh'
