[3.380s] Invoking command in '/home/sadiq/auto_ws/src/shell_simulation': PYTHONPATH=/home/sadiq/auto_ws/build/shell_simulation/prefix_override:/usr/lib/python3/dist-packages/colcon_core/task/python/colcon_distutils_commands:/home/sadiq/auto_ws/install/shell_simulation/lib/python3.10/site-packages:${PYTHONPATH} /usr/bin/python3 -W ignore:setup.py install is deprecated -W ignore:easy_install command is deprecated setup.py egg_info --egg-base ../../build/shell_simulation build --build-base /home/sadiq/auto_ws/build/shell_simulation/build install --record /home/sadiq/auto_ws/build/shell_simulation/install.log --single-version-externally-managed install_data
[4.108s] running egg_info
[4.110s] writing ../../build/shell_simulation/shell_simulation.egg-info/PKG-INFO
[4.110s] writing dependency_links to ../../build/shell_simulation/shell_simulation.egg-info/dependency_links.txt
[4.111s] writing entry points to ../../build/shell_simulation/shell_simulation.egg-info/entry_points.txt
[4.111s] writing requirements to ../../build/shell_simulation/shell_simulation.egg-info/requires.txt
[4.111s] writing top-level names to ../../build/shell_simulation/shell_simulation.egg-info/top_level.txt
[4.115s] reading manifest file '../../build/shell_simulation/shell_simulation.egg-info/SOURCES.txt'
[4.172s] writing manifest file '../../build/shell_simulation/shell_simulation.egg-info/SOURCES.txt'
[4.173s] running build
[4.173s] running build_py
[4.174s] copying shell_simulation/perception_node.py -> /home/sadiq/auto_ws/build/shell_simulation/build/lib/shell_simulation
[4.174s] copying shell_simulation/control_node.py -> /home/sadiq/auto_ws/build/shell_simulation/build/lib/shell_simulation
[4.174s] running install
[4.175s] running install_lib
[4.177s] copying /home/sadiq/auto_ws/build/shell_simulation/build/lib/shell_simulation/perception_node.py -> /home/sadiq/auto_ws/install/shell_simulation/lib/python3.10/site-packages/shell_simulation
[4.177s] copying /home/sadiq/auto_ws/build/shell_simulation/build/lib/shell_simulation/control_node.py -> /home/sadiq/auto_ws/install/shell_simulation/lib/python3.10/site-packages/shell_simulation
[4.182s] byte-compiling /home/sadiq/auto_ws/install/shell_simulation/lib/python3.10/site-packages/shell_simulation/perception_node.py to perception_node.cpython-310.pyc
[4.185s] byte-compiling /home/sadiq/auto_ws/install/shell_simulation/lib/python3.10/site-packages/shell_simulation/control_node.py to control_node.cpython-310.pyc
[4.188s] running install_data
[4.189s] creating /home/sadiq/auto_ws/install/shell_simulation/share/shell_simulation/launch
[4.189s] copying launch/shell_simulation.launch.py -> /home/sadiq/auto_ws/install/shell_simulation/share/shell_simulation/launch
[4.190s] running install_egg_info
[4.195s] removing '/home/sadiq/auto_ws/install/shell_simulation/lib/python3.10/site-packages/shell_simulation-0.0.0-py3.10.egg-info' (and everything under it)
[4.195s] Copying ../../build/shell_simulation/shell_simulation.egg-info to /home/sadiq/auto_ws/install/shell_simulation/lib/python3.10/site-packages/shell_simulation-0.0.0-py3.10.egg-info
[4.235s] running install_scripts
[4.291s] Installing perception_node = shell_simulation.perception_node:mainplanning_node = shell_simulation.planning_node:maincontrol_node script to /home/sadiq/auto_ws/install/shell_simulation/lib/shell_simulation
[4.292s] writing list of installed files to '/home/sadiq/auto_ws/build/shell_simulation/install.log'
[4.348s] Invoked command in '/home/sadiq/auto_ws/src/shell_simulation' returned '0': PYTHONPATH=/home/sadiq/auto_ws/build/shell_simulation/prefix_override:/usr/lib/python3/dist-packages/colcon_core/task/python/colcon_distutils_commands:/home/sadiq/auto_ws/install/shell_simulation/lib/python3.10/site-packages:${PYTHONPATH} /usr/bin/python3 -W ignore:setup.py install is deprecated -W ignore:easy_install command is deprecated setup.py egg_info --egg-base ../../build/shell_simulation build --build-base /home/sadiq/auto_ws/build/shell_simulation/build install --record /home/sadiq/auto_ws/build/shell_simulation/install.log --single-version-externally-managed install_data
