[0.152s] DEBUG:colcon:Command line arguments: ['/usr/bin/colcon', 'list', '-p', '--base-paths', '/home/mkbardi/ABU_shell_auto_programming']
[0.152s] DEBUG:colcon:Parsed command line arguments: Namespace(log_base=None, log_level=None, verb_name='list', build_base='build', ignore_user_meta=False, metas=['./colcon.meta'], base_paths=['/home/mkbardi/ABU_shell_auto_programming'], packages_ignore=None, packages_ignore_regex=None, paths=None, packages_up_to=None, packages_up_to_regex=None, packages_above=None, packages_above_and_dependencies=None, packages_above_depth=None, packages_select_by_dep=None, packages_skip_by_dep=None, packages_skip_up_to=None, packages_select_build_failed=False, packages_skip_build_finished=False, packages_select_test_failures=False, packages_skip_test_passed=False, packages_select=None, packages_skip=None, packages_select_regex=None, packages_skip_regex=None, packages_start=None, packages_end=None, allow_overriding=[], topological_order=False, names_only=False, paths_only=True, topological_graph=False, topological_graph_dot=False, topological_graph_density=False, topological_graph_legend=False, topological_graph_dot_cluster=False, topological_graph_dot_include_skipped=False, mixin_files=None, mixin=None, verb_parser=<colcon_mixin.mixin.mixin_argument.MixinArgumentDecorator object at 0x7f95fd727340>, verb_extension=<colcon_package_information.verb.list.ListVerb object at 0x7f95fd8ac220>, main=<bound method ListVerb.main of <colcon_package_information.verb.list.ListVerb object at 0x7f95fd8ac220>>, mixin_verb=('list',))
[0.397s] Level 1:colcon.colcon_core.package_discovery:discover_packages(colcon_meta) check parameters
[0.397s] Level 1:colcon.colcon_core.package_discovery:discover_packages(recursive) check parameters
[0.397s] Level 1:colcon.colcon_core.package_discovery:discover_packages(ignore) check parameters
[0.397s] Level 1:colcon.colcon_core.package_discovery:discover_packages(path) check parameters
[0.397s] Level 1:colcon.colcon_core.package_discovery:discover_packages(recursive) discover
[0.398s] INFO:colcon.colcon_core.package_discovery:Crawling recursively for packages in '/home/mkbardi/ABU_shell_auto_programming'
[0.398s] Level 1:colcon.colcon_core.package_identification:_identify(/home/mkbardi/ABU_shell_auto_programming) by extensions ['ignore', 'ignore_ament_install']
[0.398s] Level 1:colcon.colcon_core.package_identification:_identify(/home/mkbardi/ABU_shell_auto_programming) by extension 'ignore'
[0.398s] Level 1:colcon.colcon_core.package_identification:_identify(/home/mkbardi/ABU_shell_auto_programming) by extension 'ignore_ament_install'
[0.398s] Level 1:colcon.colcon_core.package_identification:_identify(/home/mkbardi/ABU_shell_auto_programming) by extensions ['colcon_pkg']
[0.398s] Level 1:colcon.colcon_core.package_identification:_identify(/home/mkbardi/ABU_shell_auto_programming) by extension 'colcon_pkg'
[0.398s] Level 1:colcon.colcon_core.package_identification:_identify(/home/mkbardi/ABU_shell_auto_programming) by extensions ['colcon_meta']
[0.398s] Level 1:colcon.colcon_core.package_identification:_identify(/home/mkbardi/ABU_shell_auto_programming) by extension 'colcon_meta'
[0.399s] Level 1:colcon.colcon_core.package_identification:_identify(/home/mkbardi/ABU_shell_auto_programming) by extensions ['ros']
[0.399s] Level 1:colcon.colcon_core.package_identification:_identify(/home/mkbardi/ABU_shell_auto_programming) by extension 'ros'
[0.413s] Level 1:colcon.colcon_core.package_identification:_identify(/home/mkbardi/ABU_shell_auto_programming) by extensions ['cmake', 'python']
[0.414s] Level 1:colcon.colcon_core.package_identification:_identify(/home/mkbardi/ABU_shell_auto_programming) by extension 'cmake'
[0.414s] Level 1:colcon.colcon_core.package_identification:_identify(/home/mkbardi/ABU_shell_auto_programming) by extension 'python'
[0.414s] Level 1:colcon.colcon_core.package_identification:_identify(/home/mkbardi/ABU_shell_auto_programming) by extensions ['python_setup_py']
[0.414s] Level 1:colcon.colcon_core.package_identification:_identify(/home/mkbardi/ABU_shell_auto_programming) by extension 'python_setup_py'
[0.414s] Level 1:colcon.colcon_core.package_identification:_identify(/home/mkbardi/ABU_shell_auto_programming/build) by extensions ['ignore', 'ignore_ament_install']
[0.414s] Level 1:colcon.colcon_core.package_identification:_identify(/home/mkbardi/ABU_shell_auto_programming/build) by extension 'ignore'
[0.414s] Level 1:colcon.colcon_core.package_identification:_identify(/home/mkbardi/ABU_shell_auto_programming/build) ignored
[0.414s] Level 1:colcon.colcon_core.package_identification:_identify(/home/mkbardi/ABU_shell_auto_programming/install) by extensions ['ignore', 'ignore_ament_install']
[0.415s] Level 1:colcon.colcon_core.package_identification:_identify(/home/mkbardi/ABU_shell_auto_programming/install) by extension 'ignore'
[0.415s] Level 1:colcon.colcon_core.package_identification:_identify(/home/mkbardi/ABU_shell_auto_programming/install) ignored
[0.415s] Level 1:colcon.colcon_core.package_identification:_identify(/home/mkbardi/ABU_shell_auto_programming/log) by extensions ['ignore', 'ignore_ament_install']
[0.415s] Level 1:colcon.colcon_core.package_identification:_identify(/home/mkbardi/ABU_shell_auto_programming/log) by extension 'ignore'
[0.415s] Level 1:colcon.colcon_core.package_identification:_identify(/home/mkbardi/ABU_shell_auto_programming/log) ignored
[0.415s] Level 1:colcon.colcon_core.package_identification:_identify(/home/mkbardi/ABU_shell_auto_programming/src) by extensions ['ignore', 'ignore_ament_install']
[0.416s] Level 1:colcon.colcon_core.package_identification:_identify(/home/mkbardi/ABU_shell_auto_programming/src) by extension 'ignore'
[0.416s] Level 1:colcon.colcon_core.package_identification:_identify(/home/mkbardi/ABU_shell_auto_programming/src) by extension 'ignore_ament_install'
[0.416s] Level 1:colcon.colcon_core.package_identification:_identify(/home/mkbardi/ABU_shell_auto_programming/src) by extensions ['colcon_pkg']
[0.416s] Level 1:colcon.colcon_core.package_identification:_identify(/home/mkbardi/ABU_shell_auto_programming/src) by extension 'colcon_pkg'
[0.416s] Level 1:colcon.colcon_core.package_identification:_identify(/home/mkbardi/ABU_shell_auto_programming/src) by extensions ['colcon_meta']
[0.416s] Level 1:colcon.colcon_core.package_identification:_identify(/home/mkbardi/ABU_shell_auto_programming/src) by extension 'colcon_meta'
[0.416s] Level 1:colcon.colcon_core.package_identification:_identify(/home/mkbardi/ABU_shell_auto_programming/src) by extensions ['ros']
[0.416s] Level 1:colcon.colcon_core.package_identification:_identify(/home/mkbardi/ABU_shell_auto_programming/src) by extension 'ros'
[0.416s] Level 1:colcon.colcon_core.package_identification:_identify(/home/mkbardi/ABU_shell_auto_programming/src) by extensions ['cmake', 'python']
[0.416s] Level 1:colcon.colcon_core.package_identification:_identify(/home/mkbardi/ABU_shell_auto_programming/src) by extension 'cmake'
[0.416s] Level 1:colcon.colcon_core.package_identification:_identify(/home/mkbardi/ABU_shell_auto_programming/src) by extension 'python'
[0.416s] Level 1:colcon.colcon_core.package_identification:_identify(/home/mkbardi/ABU_shell_auto_programming/src) by extensions ['python_setup_py']
[0.416s] Level 1:colcon.colcon_core.package_identification:_identify(/home/mkbardi/ABU_shell_auto_programming/src) by extension 'python_setup_py'
[0.417s] Level 1:colcon.colcon_core.package_identification:_identify(/home/mkbardi/ABU_shell_auto_programming/src/shell_simulation) by extensions ['ignore', 'ignore_ament_install']
[0.417s] Level 1:colcon.colcon_core.package_identification:_identify(/home/mkbardi/ABU_shell_auto_programming/src/shell_simulation) by extension 'ignore'
[0.417s] Level 1:colcon.colcon_core.package_identification:_identify(/home/mkbardi/ABU_shell_auto_programming/src/shell_simulation) by extension 'ignore_ament_install'
[0.417s] Level 1:colcon.colcon_core.package_identification:_identify(/home/mkbardi/ABU_shell_auto_programming/src/shell_simulation) by extensions ['colcon_pkg']
[0.417s] Level 1:colcon.colcon_core.package_identification:_identify(/home/mkbardi/ABU_shell_auto_programming/src/shell_simulation) by extension 'colcon_pkg'
[0.417s] Level 1:colcon.colcon_core.package_identification:_identify(/home/mkbardi/ABU_shell_auto_programming/src/shell_simulation) by extensions ['colcon_meta']
[0.417s] Level 1:colcon.colcon_core.package_identification:_identify(/home/mkbardi/ABU_shell_auto_programming/src/shell_simulation) by extension 'colcon_meta'
[0.417s] Level 1:colcon.colcon_core.package_identification:_identify(/home/mkbardi/ABU_shell_auto_programming/src/shell_simulation) by extensions ['ros']
[0.417s] Level 1:colcon.colcon_core.package_identification:_identify(/home/mkbardi/ABU_shell_auto_programming/src/shell_simulation) by extension 'ros'
[0.422s] DEBUG:colcon.colcon_core.package_identification:Package '/home/mkbardi/ABU_shell_auto_programming/src/shell_simulation' with type 'ros.ament_python' and name 'shell_simulation'
[0.422s] Level 1:colcon.colcon_core.package_discovery:discover_packages(recursive) using defaults
